04-08 19:28:48 com_github_MitjaNemec_ReplicateLayout.action_replicate_layout 392:Plugin executed on: 'win32'
04-08 19:28:48 com_github_MitjaNemec_ReplicateLayout.action_replicate_layout 393:Plugin executed with python version: '3.9.16 (main, Oct 13 2023, 05:50:11) [MSC v.1936 64 bit (AMD64)]'
04-08 19:28:48 com_github_MitjaNemec_ReplicateLayout.action_replicate_layout 394:KiCad build version: 7.0.9
04-08 19:28:48 com_github_MitjaNemec_ReplicateLayout.action_replicate_layout 395:Plugin version: 2.1.3
04-08 19:28:48 com_github_MitjaNemec_ReplicateLayout.action_replicate_layout 396:Frame repr: <wx._core.Frame object at 0x0000027AF1C40430>
04-08 19:28:48 com_github_MitjaNemec_ReplicateLayout.action_replicate_layout 420:Preparing replicator with C49 as a reference
04-08 19:28:48 com_github_MitjaNemec_ReplicateLayout.replicate_layout 117:getting a list of all footprints on board
04-08 19:28:48 com_github_MitjaNemec_ReplicateLayout.replicate_layout 136:Footprint REF** does not have Sheetfile property, it will not be replicated. Most likely it is only in layout
04-08 19:28:48 com_github_MitjaNemec_ReplicateLayout.replicate_layout 136:Footprint REF** does not have Sheetfile property, it will not be replicated. Most likely it is only in layout
04-08 19:28:48 com_github_MitjaNemec_ReplicateLayout.replicate_layout 136:Footprint REF** does not have Sheetfile property, it will not be replicated. Most likely it is only in layout
04-08 19:28:48 com_github_MitjaNemec_ReplicateLayout.replicate_layout 136:Footprint REF** does not have Sheetfile property, it will not be replicated. Most likely it is only in layout
04-08 19:28:48 com_github_MitjaNemec_ReplicateLayout.action_replicate_layout 468:source anchor footprint is 'C49'
Located on: ['battery connection', 'IC_3']
With filenames: ['C:\\Users\\kacpe\\OneDrive\\Pulpit\\github\\PUTM_EV_PDM\\PUTM_EV_PDM-main2\\PUTM_EV_PDM-main\\hardware\\PDM_1\\battery_connection.kicad_sch', 'C:\\Users\\kacpe\\OneDrive\\Pulpit\\github\\PUTM_EV_PDM\\PUTM_EV_PDM-main2\\PUTM_EV_PDM-main\\hardware\\PDM_1\\IC.kicad_sch']
With sheet_id:['battery connection', 'IC_3']
04-08 19:28:48 com_github_MitjaNemec_ReplicateLayout.action_replicate_layout 475:Corresponding footprints are 
[('C57', ['battery connection', 'IC_4']), ('C41', ['battery connection', 'IC_2']), ('C33', ['battery connection', 'IC_1']), ('C49', ['battery connection', 'IC_3'])]
04-08 19:28:48 com_github_MitjaNemec_ReplicateLayout.action_replicate_layout 487:Showing dialog
04-08 19:28:48 com_github_MitjaNemec_ReplicateLayout.replicate_layout 424:constructing a list of sheets suitable for replication on level:'IC_3', file:'C:\\Users\\kacpe\\OneDrive\\Pulpit\\github\\PUTM_EV_PDM\\PUTM_EV_PDM-main2\\PUTM_EV_PDM-main\\hardware\\PDM_1\\IC.kicad_sch'
04-08 19:28:48 com_github_MitjaNemec_ReplicateLayout.replicate_layout 461:suitable sheets are:[['battery connection', 'IC_1'], ['battery connection', 'IC_2'], ['battery connection', 'IC_4']]
04-08 19:28:49 com_github_MitjaNemec_ReplicateLayout.replicate_layout 1464:Level selected: ['battery connection', 'IC_3']
04-08 19:28:49 com_github_MitjaNemec_ReplicateLayout.replicate_layout 1299:Filtering list of tracks
04-08 19:28:49 com_github_MitjaNemec_ReplicateLayout.action_replicate_layout 493:Toolbar position: wx.Point(1609, 117)
04-08 19:28:49 com_github_MitjaNemec_ReplicateLayout.action_replicate_layout 498:Dialog position: wx.Point(1170, 117)
04-08 19:28:55 com_github_MitjaNemec_ReplicateLayout.action_replicate_layout 321:User canceled the dialog
